Build started 22.12.2015 22:31:17.
     1>Project "D:\Projects\Lab4SP\Lab4SP\Lab4SP.vcxproj" on node 2 (Build target(s)).
     1>ClCompile:
         D:\Program Files (x86)\VS\VC\bin\CL.exe /c /ZI /nologo /W3 /WX- /sdl /Od /Oy- /D WIN32 /D _DEBUG /D _CONSOLE /D _UNICODE /D UNICODE /Gm /EHsc /RTC1 /MDd /GS /fp:precise /Zc:wchar_t /Zc:forScope /Zc:inline /Fo"Debug\\" /Fd"Debug\vc140.pdb" /Gd /TP /analyze- /errorReport:prompt L4.cpp
         L4.cpp
       Link:
         D:\Program Files (x86)\VS\VC\bin\link.exe /ERRORREPORT:PROMPT /OUT:"D:\Projects\Lab4SP\Debug\Lab4SP.exe" /INCREMENTAL /NOLOGO kernel32.lib user32.lib gdi32.lib winspool.lib comdlg32.lib advapi32.lib shell32.lib ole32.lib oleaut32.lib uuid.lib odbc32.lib odbccp32.lib /MANIFEST /MANIFESTUAC:"level='asInvoker' uiAccess='false'" /manifest:embed /Debug /PDB:"D:\Projects\Lab4SP\Debug\Lab4SP.pdb" /SUBSYSTEM:CONSOLE /TLBID:1 /DYNAMICBASE /NXCOMPAT /IMPLIB:"D:\Projects\Lab4SP\Debug\Lab4SP.lib" /MACHINE:X86 Debug\L4.obj
     1>L4.obj : error LNK2019: unresolved external symbol _Big2sSub referenced in function _main
     1>D:\Projects\Lab4SP\Debug\Lab4SP.exe : fatal error LNK1120: 1 unresolved externals
     1>Done Building Project "D:\Projects\Lab4SP\Lab4SP\Lab4SP.vcxproj" (Build target(s)) -- FAILED.

Build FAILED.

Time Elapsed 00:00:01.22
